#
# There is insufficient memory for the Java Runtime Environment to continue.
# Native memory allocation (malloc) failed to allocate 2402576 bytes for Chunk::new
# Possible reasons:
#   The system is out of physical RAM or swap space
#   The process is running with CompressedOops enabled, and the Java Heap may be blocking the growth of the native heap
# Possible solutions:
#   Reduce memory load on the system
#   Increase physical memory or swap space
#   Check if swap backing store is full
#   Decrease Java heap size (-Xmx/-Xms)
#   Decrease number of Java threads
#   Decrease Java thread stack sizes (-Xss)
#   Set larger code cache with -XX:ReservedCodeCacheSize=
#   JVM is running with Zero Based Compressed Oops mode in which the Java heap is
#     placed in the first 32GB address space. The Java Heap base address is the
#     maximum limit for the native heap growth. Please use -XX:HeapBaseMinAddress
#     to set the Java Heap base and to place the Java Heap above 32GB virtual address.
# This output file may be truncated or incomplete.
#
#  Out of Memory Error (arena.cpp:197), pid=19120, tid=8124
#
# JRE version: OpenJDK Runtime Environment Corretto-11.0.22.7.1 (11.0.22+7) (build 11.0.22+7-LTS)
# Java VM: OpenJDK 64-Bit Server VM Corretto-11.0.22.7.1 (11.0.22+7-LTS, mixed mode, tiered, compressed oops, g1 gc, windows-amd64)
# No core dump will be written. Minidumps are not enabled by default on client versions of Windows
#

---------------  S U M M A R Y ------------

Command Line: -javaagent:D:\JetBrains\IntelliJ IDEA Community Edition 2023.1.2\lib\idea_rt.jar=57901:D:\JetBrains\IntelliJ IDEA Community Edition 2023.1.2\bin -Dfile.encoding=UTF-8 vti.travel.TravelApplication

Host: AMD Ryzen 7 4800H with Radeon Graphics         , 16 cores, 15G,  Windows 11 , 64 bit Build 22621 (10.0.22621.3085)
Time: Mon Feb 19 21:40:15 2024 SE Asia Standard Time elapsed time: 14.177869 seconds (0d 0h 0m 14s)

---------------  T H R E A D  ---------------

Current thread (0x000001d54fb53000):  JavaThread "C2 CompilerThread1" daemon [_thread_in_native, id=8124, stack(0x0000008f1e300000,0x0000008f1e400000)]


Current CompileTask:
C2:  14177 7622 %     4       org.springframework.boot.context.properties.source.ConfigurationPropertyName$ElementsParser::parse @ 23 (234 bytes)

Stack: [0x0000008f1e300000,0x0000008f1e400000]
Native frames: (J=compiled Java code, j=interpreted, Vv=VM code, C=native code)
V  [jvm.dll+0x64585a]
V  [jvm.dll+0x7d9bb9]
V  [jvm.dll+0x7db2b9]
V  [jvm.dll+0x7db9a3]
V  [jvm.dll+0x2694e5]
V  [jvm.dll+0xc1d7c]
V  [jvm.dll+0xc232c]
V  [jvm.dll+0x379967]
V  [jvm.dll+0x3446a5]
V  [jvm.dll+0x343a7a]
V  [jvm.dll+0x22173f]
V  [jvm.dll+0x220748]
V  [jvm.dll+0x19e521]
V  [jvm.dll+0x2305e9]
V  [jvm.dll+0x22e75f]
V  [jvm.dll+0x79ae51]
V  [jvm.dll+0x793b24]
V  [jvm.dll+0x644615]
C  [ucrtbase.dll+0x29363]
C  [KERNEL32.DLL+0x1257d]
C  [ntdll.dll+0x5aa58]


---------------  P R O C E S S  ---------------

Threads class SMR info:
_java_thread_list=0x000001d55132b680, length=33, elements={
0x000001d524bf6000, 0x000001d549cb9800, 0x000001d549cdf000, 0x000001d549d36800,
0x000001d549d37800, 0x000001d549d3c000, 0x000001d549d3f000, 0x000001d549d4d800,
0x000001d549d4e800, 0x000001d549eb4800, 0x000001d549ed9800, 0x000001d549ee0000,
0x000001d54a01c800, 0x000001d54a966800, 0x000001d55032e800, 0x000001d55032c800,
0x000001d550331000, 0x000001d54fb53000, 0x000001d55032f800, 0x000001d55032d000,
0x000001d550332000, 0x000001d550333000, 0x000001d550330800, 0x000001d54f86a800,
0x000001d54f86a000, 0x000001d54f868800, 0x000001d54f86e000, 0x000001d54f86b800,
0x000001d54f86f000, 0x000001d54f869000, 0x000001d54f86c800, 0x000001d54f86d000,
0x000001d551907000
}

Java Threads: ( => current thread )
  0x000001d524bf6000 JavaThread "main" [_thread_in_Java, id=21128, stack(0x0000008f1cf00000,0x0000008f1d000000)]
  0x000001d549cb9800 JavaThread "Reference Handler" daemon [_thread_blocked, id=15084, stack(0x0000008f1d600000,0x0000008f1d700000)]
  0x000001d549cdf000 JavaThread "Finalizer" daemon [_thread_blocked, id=6944, stack(0x0000008f1d700000,0x0000008f1d800000)]
  0x000001d549d36800 JavaThread "Signal Dispatcher" daemon [_thread_blocked, id=12308, stack(0x0000008f1d800000,0x0000008f1d900000)]
  0x000001d549d37800 JavaThread "Attach Listener" daemon [_thread_blocked, id=19692, stack(0x0000008f1d900000,0x0000008f1da00000)]
  0x000001d549d3c000 JavaThread "Service Thread" daemon [_thread_blocked, id=22320, stack(0x0000008f1da00000,0x0000008f1db00000)]
  0x000001d549d3f000 JavaThread "C2 CompilerThread0" daemon [_thread_in_native, id=8660, stack(0x0000008f1db00000,0x0000008f1dc00000)]
  0x000001d549d4d800 JavaThread "C1 CompilerThread0" daemon [_thread_blocked, id=6964, stack(0x0000008f1dc00000,0x0000008f1dd00000)]
  0x000001d549d4e800 JavaThread "Sweeper thread" daemon [_thread_blocked, id=13328, stack(0x0000008f1dd00000,0x0000008f1de00000)]
  0x000001d549eb4800 JavaThread "Common-Cleaner" daemon [_thread_blocked, id=23860, stack(0x0000008f1de00000,0x0000008f1df00000)]
  0x000001d549ed9800 JavaThread "C1 CompilerThread1" daemon [_thread_blocked, id=864, stack(0x0000008f1df00000,0x0000008f1e000000)]
  0x000001d549ee0000 JavaThread "C1 CompilerThread2" daemon [_thread_blocked, id=17104, stack(0x0000008f1e000000,0x0000008f1e100000)]
  0x000001d54a01c800 JavaThread "Monitor Ctrl-Break" daemon [_thread_in_native, id=23740, stack(0x0000008f1e100000,0x0000008f1e200000)]
  0x000001d54a966800 JavaThread "C1 CompilerThread3" daemon [_thread_blocked, id=2900, stack(0x0000008f1e500000,0x0000008f1e600000)]
  0x000001d55032e800 JavaThread "mysql-cj-abandoned-connection-cleanup" daemon [_thread_blocked, id=6060, stack(0x0000008f1ed00000,0x0000008f1ee00000)]
  0x000001d55032c800 JavaThread "HikariPool-1 housekeeper" daemon [_thread_blocked, id=22072, stack(0x0000008f1ef00000,0x0000008f1f000000)]
  0x000001d550331000 JavaThread "HikariPool-1 connection adder" daemon [_thread_blocked, id=28120, stack(0x0000008f1f000000,0x0000008f1f100000)]
=>0x000001d54fb53000 JavaThread "C2 CompilerThread1" daemon [_thread_in_native, id=8124, stack(0x0000008f1e300000,0x0000008f1e400000)]
  0x000001d55032f800 JavaThread "Catalina-utility-1" [_thread_blocked, id=13464, stack(0x0000008f1e400000,0x0000008f1e500000)]
  0x000001d55032d000 JavaThread "Catalina-utility-2" [_thread_blocked, id=11004, stack(0x0000008f1f100000,0x0000008f1f200000)]
  0x000001d550332000 JavaThread "container-0" [_thread_blocked, id=17932, stack(0x0000008f1f200000,0x0000008f1f300000)]
  0x000001d550333000 JavaThread "http-nio-8888-exec-1" daemon [_thread_blocked, id=3628, stack(0x0000008f1f500000,0x0000008f1f600000)]
  0x000001d550330800 JavaThread "http-nio-8888-exec-2" daemon [_thread_blocked, id=24176, stack(0x0000008f1f600000,0x0000008f1f700000)]
  0x000001d54f86a800 JavaThread "http-nio-8888-exec-3" daemon [_thread_blocked, id=13484, stack(0x0000008f1f700000,0x0000008f1f800000)]
  0x000001d54f86a000 JavaThread "http-nio-8888-exec-4" daemon [_thread_blocked, id=15980, stack(0x0000008f1f800000,0x0000008f1f900000)]
  0x000001d54f868800 JavaThread "http-nio-8888-exec-5" daemon [_thread_blocked, id=27532, stack(0x0000008f1f900000,0x0000008f1fa00000)]
  0x000001d54f86e000 JavaThread "http-nio-8888-exec-6" daemon [_thread_blocked, id=25876, stack(0x0000008f1fa00000,0x0000008f1fb00000)]
  0x000001d54f86b800 JavaThread "http-nio-8888-exec-7" daemon [_thread_blocked, id=26688, stack(0x0000008f1fb00000,0x0000008f1fc00000)]
  0x000001d54f86f000 JavaThread "http-nio-8888-exec-8" daemon [_thread_blocked, id=8020, stack(0x0000008f1fc00000,0x0000008f1fd00000)]
  0x000001d54f869000 JavaThread "http-nio-8888-exec-9" daemon [_thread_blocked, id=28540, stack(0x0000008f1fd00000,0x0000008f1fe00000)]
  0x000001d54f86c800 JavaThread "http-nio-8888-exec-10" daemon [_thread_blocked, id=12516, stack(0x0000008f1fe00000,0x0000008f1ff00000)]
  0x000001d54f86d000 JavaThread "http-nio-8888-Poller" daemon [_thread_in_native, id=15772, stack(0x0000008f1ff00000,0x0000008f20000000)]
  0x000001d551907000 JavaThread "http-nio-8888-Acceptor" daemon [_thread_in_native, id=25756, stack(0x0000008f20000000,0x0000008f20100000)]

Other Threads:
  0x000001d549cb9000 VMThread "VM Thread" [stack: 0x0000008f1d500000,0x0000008f1d600000] [id=17088]
  0x000001d54a6e8000 WatcherThread [stack: 0x0000008f1e200000,0x0000008f1e300000] [id=26364]
  0x000001d524c0f800 GCTaskThread "GC Thread#0" [stack: 0x0000008f1d000000,0x0000008f1d100000] [id=7060]
  0x000001d54b050000 GCTaskThread "GC Thread#1" [stack: 0x0000008f1e600000,0x0000008f1e700000] [id=18248]
  0x000001d54b128800 GCTaskThread "GC Thread#2" [stack: 0x0000008f1e700000,0x0000008f1e800000] [id=19172]
  0x000001d54a9af000 GCTaskThread "GC Thread#3" [stack: 0x0000008f1e800000,0x0000008f1e900000] [id=23020]
  0x000001d54a9b0000 GCTaskThread "GC Thread#4" [stack: 0x0000008f1e900000,0x0000008f1ea00000] [id=7656]
  0x000001d54a9b1000 GCTaskThread "GC Thread#5" [stack: 0x0000008f1ea00000,0x0000008f1eb00000] [id=22800]
  0x000001d5512ad800 GCTaskThread "GC Thread#6" [stack: 0x0000008f1f300000,0x0000008f1f400000] [id=26264]
  0x000001d54fcd4800 GCTaskThread "GC Thread#7" [stack: 0x0000008f1f400000,0x0000008f1f500000] [id=5212]
  0x000001d524c6e800 ConcurrentGCThread "G1 Main Marker" [stack: 0x0000008f1d100000,0x0000008f1d200000] [id=5976]
  0x000001d524c71000 ConcurrentGCThread "G1 Conc#0" [stack: 0x0000008f1d200000,0x0000008f1d300000] [id=27500]
  0x000001d54afa2800 ConcurrentGCThread "G1 Conc#1" [stack: 0x0000008f1eb00000,0x0000008f1ec00000] [id=12664]
  0x000001d54aee4000 ConcurrentGCThread "G1 Conc#2" [stack: 0x0000008f1ec00000,0x0000008f1ed00000] [id=12572]
  0x000001d549318800 ConcurrentGCThread "G1 Refine#0" [stack: 0x0000008f1d300000,0x0000008f1d400000] [id=27652]
  0x000001d549319800 ConcurrentGCThread "G1 Young RemSet Sampling" [stack: 0x0000008f1d400000,0x0000008f1d500000] [id=9928]

Threads with active compile tasks:
C2 CompilerThread0    14201 7358       4       org.springframework.beans.factory.support.AbstractBeanFactory::isTypeMatch (607 bytes)
C2 CompilerThread1    14201 7622 %     4       org.springframework.boot.context.properties.source.ConfigurationPropertyName$ElementsParser::parse @ 23 (234 bytes)

VM state:not at safepoint (normal execution)

VM Mutex/Monitor currently owned by a thread: None

Heap address: 0x0000000702000000, size: 4064 MB, Compressed Oops mode: Zero based, Oop shift amount: 3
Narrow klass base: 0x0000000800000000, Narrow klass shift: 0
Compressed class space size: 1073741824 Address: 0x0000000800000000

Heap:
 garbage-first heap   total 260096K, used 130793K [0x0000000702000000, 0x0000000800000000)
  region size 1024K, 114 young (116736K), 15 survivors (15360K)
 Metaspace       used 81384K, capacity 83669K, committed 83832K, reserved 1122304K
  class space    used 10176K, capacity 11053K, committed 11128K, reserved 1048576K
Heap Regions: E=young(eden), S=young(survivor), O=old, HS=humongous(starts), HC=humongous(continues), CS=collection set, F=free, A=archive, TAMS=top-at-mark-start (previous, next)
|   0|0x0000000702000000, 0x0000000702100000, 0x0000000702100000|100%|HS|  |TAMS 0x0000000702100000, 0x0000000702000000| Complete 
|   1|0x0000000702100000, 0x0000000702200000, 0x0000000702200000|100%| O|  |TAMS 0x0000000702200000, 0x0000000702100000| Untracked 
|   2|0x0000000702200000, 0x0000000702300000, 0x0000000702300000|100%| O|  |TAMS 0x0000000702300000, 0x0000000702200000| Untracked 
|   3|0x0000000702300000, 0x0000000702400000, 0x0000000702400000|100%| O|  |TAMS 0x0000000702400000, 0x0000000702300000| Untracked 
|   4|0x0000000702400000, 0x0000000702500000, 0x0000000702500000|100%| O|  |TAMS 0x0000000702500000, 0x0000000702400000| Untracked 
|   5|0x0000000702500000, 0x0000000702600000, 0x0000000702600000|100%| O|  |TAMS 0x0000000702600000, 0x0000000702500000| Untracked 
|   6|0x0000000702600000, 0x0000000702700000, 0x0000000702700000|100%| O|  |TAMS 0x0000000702700000, 0x0000000702600000| Untracked 
|   7|0x0000000702700000, 0x0000000702800000, 0x0000000702800000|100%| O|  |TAMS 0x00000007027da600, 0x0000000702700000| Untracked 
|   8|0x0000000702800000, 0x0000000702900000, 0x0000000702900000|100%| O|  |TAMS 0x0000000702800000, 0x0000000702800000| Untracked 
|   9|0x0000000702900000, 0x0000000702a00000, 0x0000000702a00000|100%| O|  |TAMS 0x0000000702900000, 0x0000000702900000| Untracked 
|  10|0x0000000702a00000, 0x0000000702b00000, 0x0000000702b00000|100%| O|  |TAMS 0x0000000702a00000, 0x0000000702a00000| Untracked 
|  11|0x0000000702b00000, 0x0000000702c00000, 0x0000000702c00000|100%| O|  |TAMS 0x0000000702b00000, 0x0000000702b00000| Untracked 
|  12|0x0000000702c00000, 0x0000000702d00000, 0x0000000702d00000|100%| O|  |TAMS 0x0000000702c00000, 0x0000000702c00000| Untracked 
|  13|0x0000000702d00000, 0x0000000702e00000, 0x0000000702e00000|100%| O|  |TAMS 0x0000000702d00000, 0x0000000702d00000| Untracked 
|  14|0x0000000702e00000, 0x0000000702eba600, 0x0000000702f00000| 72%| O|  |TAMS 0x0000000702e00000, 0x0000000702e00000| Untracked 
|  15|0x0000000702f00000, 0x0000000702f00000, 0x0000000703000000|  0%| F|  |TAMS 0x0000000702f00000, 0x0000000702f00000| Untracked 
|  16|0x0000000703000000, 0x0000000703000000, 0x0000000703100000|  0%| F|  |TAMS 0x0000000703000000, 0x0000000703000000| Untracked 
|  17|0x0000000703100000, 0x0000000703100000, 0x0000000703200000|  0%| F|  |TAMS 0x0000000703100000, 0x0000000703100000| Untracked 
|  18|0x0000000703200000, 0x0000000703200000, 0x0000000703300000|  0%| F|  |TAMS 0x0000000703200000, 0x0000000703200000| Untracked 
|  19|0x0000000703300000, 0x0000000703300000, 0x0000000703400000|  0%| F|  |TAMS 0x0000000703300000, 0x0000000703300000| Untracked 
|  20|0x0000000703400000, 0x0000000703400000, 0x0000000703500000|  0%| F|  |TAMS 0x0000000703400000, 0x0000000703400000| Untracked 
|  21|0x0000000703500000, 0x0000000703500000, 0x0000000703600000|  0%| F|  |TAMS 0x0000000703500000, 0x0000000703500000| Untracked 
|  22|0x0000000703600000, 0x0000000703600000, 0x0000000703700000|  0%| F|  |TAMS 0x0000000703600000, 0x0000000703600000| Untracked 
|  23|0x0000000703700000, 0x0000000703700000, 0x0000000703800000|  0%| F|  |TAMS 0x0000000703700000, 0x0000000703700000| Untracked 
|  24|0x0000000703800000, 0x0000000703800000, 0x0000000703900000|  0%| F|  |TAMS 0x0000000703800000, 0x0000000703800000| Untracked 
|  25|0x0000000703900000, 0x0000000703900000, 0x0000000703a00000|  0%| F|  |TAMS 0x0000000703900000, 0x0000000703900000| Untracked 
|  26|0x0000000703a00000, 0x0000000703a00000, 0x0000000703b00000|  0%| F|  |TAMS 0x0000000703a00000, 0x0000000703a00000| Untracked 
|  27|0x0000000703b00000, 0x0000000703b00000, 0x0000000703c00000|  0%| F|  |TAMS 0x0000000703b00000, 0x0000000703b00000| Untracked 
|  28|0x0000000703c00000, 0x0000000703c00000, 0x0000000703d00000|  0%| F|  |TAMS 0x0000000703c00000, 0x0000000703c00000| Untracked 
|  29|0x0000000703d00000, 0x0000000703d00000, 0x0000000703e00000|  0%| F|  |TAMS 0x0000000703d00000, 0x0000000703d00000| Untracked 
|  30|0x0000000703e00000, 0x0000000703e00000, 0x0000000703f00000|  0%| F|  |TAMS 0x0000000703e00000, 0x0000000703e00000| Untracked 
|  31|0x0000000703f00000, 0x0000000703f00000, 0x0000000704000000|  0%| F|  |TAMS 0x0000000703f00000, 0x0000000703f00000| Untracked 
|  32|0x0000000704000000, 0x0000000704000000, 0x0000000704100000|  0%| F|  |TAMS 0x0000000704000000, 0x0000000704000000| Untracked 
|  33|0x0000000704100000, 0x0000000704100000, 0x0000000704200000|  0%| F|  |TAMS 0x0000000704100000, 0x0000000704100000| Untracked 
|  34|0x0000000704200000, 0x0000000704200000, 0x0000000704300000|  0%| F|  |TAMS 0x0000000704200000, 0x0000000704200000| Untracked 
|  35|0x0000000704300000, 0x0000000704300000, 0x0000000704400000|  0%| F|  |TAMS 0x0000000704300000, 0x0000000704300000| Untracked 
|  36|0x0000000704400000, 0x0000000704400000, 0x0000000704500000|  0%| F|  |TAMS 0x0000000704400000, 0x0000000704400000| Untracked 
|  37|0x0000000704500000, 0x0000000704500000, 0x0000000704600000|  0%| F|  |TAMS 0x0000000704500000, 0x0000000704500000| Untracked 
|  38|0x0000000704600000, 0x0000000704600000, 0x0000000704700000|  0%| F|  |TAMS 0x0000000704600000, 0x0000000704600000| Untracked 
|  39|0x0000000704700000, 0x0000000704700000, 0x0000000704800000|  0%| F|  |TAMS 0x0000000704700000, 0x0000000704700000| Untracked 
|  40|0x0000000704800000, 0x0000000704800000, 0x0000000704900000|  0%| F|  |TAMS 0x0000000704800000, 0x0000000704800000| Untracked 
|  41|0x0000000704900000, 0x0000000704900000, 0x0000000704a00000|  0%| F|  |TAMS 0x0000000704900000, 0x0000000704900000| Untracked 
|  42|0x0000000704a00000, 0x0000000704a00000, 0x0000000704b00000|  0%| F|  |TAMS 0x0000000704a00000, 0x0000000704a00000| Untracked 
|  43|0x0000000704b00000, 0x0000000704b00000, 0x0000000704c00000|  0%| F|  |TAMS 0x0000000704b00000, 0x0000000704b00000| Untracked 
|  44|0x0000000704c00000, 0x0000000704c00000, 0x0000000704d00000|  0%| F|  |TAMS 0x0000000704c00000, 0x0000000704c00000| Untracked 
|  45|0x0000000704d00000, 0x0000000704d00000, 0x0000000704e00000|  0%| F|  |TAMS 0x0000000704d00000, 0x0000000704d00000| Untracked 
|  46|0x0000000704e00000, 0x0000000704e00000, 0x0000000704f00000|  0%| F|  |TAMS 0x0000000704e00000, 0x0000000704e00000| Untracked 
|  47|0x0000000704f00000, 0x0000000704f00000, 0x0000000705000000|  0%| F|  |TAMS 0x0000000704f00000, 0x0000000704f00000| Untracked 
|  48|0x0000000705000000, 0x0000000705000000, 0x0000000705100000|  0%| F|  |TAMS 0x0000000705000000, 0x0000000705000000| Untracked 
|  49|0x0000000705100000, 0x0000000705100000, 0x0000000705200000|  0%| F|  |TAMS 0x0000000705100000, 0x0000000705100000| Untracked 
|  50|0x0000000705200000, 0x0000000705200000, 0x0000000705300000|  0%| F|  |TAMS 0x0000000705200000, 0x0000000705200000| Untracked 
|  51|0x0000000705300000, 0x0000000705300000, 0x0000000705400000|  0%| F|  |TAMS 0x0000000705300000, 0x0000000705300000| Untracked 
|  52|0x0000000705400000, 0x0000000705400000, 0x0000000705500000|  0%| F|  |TAMS 0x0000000705400000, 0x0000000705400000| Untracked 
|  53|0x0000000705500000, 0x0000000705500000, 0x0000000705600000|  0%| F|  |TAMS 0x0000000705500000, 0x0000000705500000| Untracked 
|  54|0x0000000705600000, 0x0000000705600000, 0x0000000705700000|  0%| F|  |TAMS 0x0000000705600000, 0x0000000705600000| Untracked 
|  55|0x0000000705700000, 0x0000000705700000, 0x0000000705800000|  0%| F|  |TAMS 0x0000000705700000, 0x0000000705700000| Untracked 
|  56|0x0000000705800000, 0x0000000705800000, 0x0000000705900000|  0%| F|  |TAMS 0x0000000705800000, 0x0000000705800000| Untracked 
|  57|0x0000000705900000, 0x0000000705900000, 0x0000000705a00000|  0%| F|  |TAMS 0x0000000705900000, 0x0000000705900000| Untracked 
|  58|0x0000000705a00000, 0x0000000705a00000, 0x0000000705b00000|  0%| F|  |TAMS 0x0000000705a00000, 0x0000000705a00000| Untracked 
|  59|0x0000000705b00000, 0x0000000705b00000, 0x0000000705c00000|  0%| F|  |TAMS 0x0000000705b00000, 0x0000000705b00000| Untracked 
|  60|0x0000000705c00000, 0x0000000705c00000, 0x0000000705d00000|  0%| F|  |TAMS 0x0000000705c00000, 0x0000000705c00000| Untracked 
|  61|0x0000000705d00000, 0x0000000705d00000, 0x0000000705e00000|  0%| F|  |TAMS 0x0000000705d00000, 0x0000000705d00000| Untracked 
|  62|0x0000000705e00000, 0x0000000705e00000, 0x0000000705f00000|  0%| F|  |TAMS 0x0000000705e00000, 0x0000000705e00000| Untracked 
|  63|0x0000000705f00000, 0x0000000705f00000, 0x0000000706000000|  0%| F|  |TAMS 0x0000000705f00000, 0x0000000705f00000| Untracked 
|  64|0x0000000706000000, 0x0000000706000000, 0x0000000706100000|  0%| F|  |TAMS 0x0000000706000000, 0x0000000706000000| Untracked 
|  65|0x0000000706100000, 0x0000000706100000, 0x0000000706200000|  0%| F|  |TAMS 0x0000000706100000, 0x0000000706100000| Untracked 
|  66|0x0000000706200000, 0x0000000706200000, 0x0000000706300000|  0%| F|  |TAMS 0x0000000706200000, 0x0000000706200000| Untracked 
|  67|0x0000000706300000, 0x0000000706300000, 0x0000000706400000|  0%| F|  |TAMS 0x0000000706300000, 0x0000000706300000| Untracked 
|  68|0x0000000706400000, 0x0000000706400000, 0x0000000706500000|  0%| F|  |TAMS 0x0000000706400000, 0x0000000706400000| Untracked 
|  69|0x0000000706500000, 0x0000000706500000, 0x0000000706600000|  0%| F|  |TAMS 0x0000000706500000, 0x0000000706500000| Untracked 
|  70|0x0000000706600000, 0x0000000706600000, 0x0000000706700000|  0%| F|  |TAMS 0x0000000706600000, 0x0000000706600000| Untracked 
|  71|0x0000000706700000, 0x0000000706700000, 0x0000000706800000|  0%| F|  |TAMS 0x0000000706700000, 0x0000000706700000| Untracked 
|  72|0x0000000706800000, 0x0000000706800000, 0x0000000706900000|  0%| F|  |TAMS 0x0000000706800000, 0x0000000706800000| Untracked 
|  73|0x0000000706900000, 0x0000000706900000, 0x0000000706a00000|  0%| F|  |TAMS 0x0000000706900000, 0x0000000706900000| Untracked 
|  74|0x0000000706a00000, 0x0000000706a00000, 0x0000000706b00000|  0%| F|  |TAMS 0x0000000706a00000, 0x0000000706a00000| Untracked 
|  75|0x0000000706b00000, 0x0000000706b00000, 0x0000000706c00000|  0%| F|  |TAMS 0x0000000706b00000, 0x0000000706b00000| Untracked 
|  76|0x0000000706c00000, 0x0000000706c00000, 0x0000000706d00000|  0%| F|  |TAMS 0x0000000706c00000, 0x0000000706c00000| Untracked 
|  77|0x0000000706d00000, 0x0000000706d00000, 0x0000000706e00000|  0%| F|  |TAMS 0x0000000706d00000, 0x0000000706d00000| Untracked 
|  78|0x0000000706e00000, 0x0000000706e00000, 0x0000000706f00000|  0%| F|  |TAMS 0x0000000706e00000, 0x0000000706e00000| Untracked 
|  79|0x0000000706f00000, 0x0000000706f00000, 0x0000000707000000|  0%| F|  |TAMS 0x0000000706f00000, 0x0000000706f00000| Untracked 
|  80|0x0000000707000000, 0x0000000707000000, 0x0000000707100000|  0%| F|  |TAMS 0x0000000707000000, 0x0000000707000000| Untracked 
|  81|0x0000000707100000, 0x0000000707100000, 0x0000000707200000|  0%| F|  |TAMS 0x0000000707100000, 0x0000000707100000| Untracked 
|  82|0x0000000707200000, 0x0000000707200000, 0x0000000707300000|  0%| F|  |TAMS 0x0000000707200000, 0x0000000707200000| Untracked 
|  83|0x0000000707300000, 0x0000000707300000, 0x0000000707400000|  0%| F|  |TAMS 0x0000000707300000, 0x0000000707300000| Untracked 
|  84|0x0000000707400000, 0x0000000707400000, 0x0000000707500000|  0%| F|  |TAMS 0x0000000707400000, 0x0000000707400000| Untracked 
|  85|0x0000000707500000, 0x0000000707500000, 0x0000000707600000|  0%| F|  |TAMS 0x0000000707500000, 0x0000000707500000| Untracked 
|  86|0x0000000707600000, 0x0000000707600000, 0x0000000707700000|  0%| F|  |TAMS 0x0000000707600000, 0x0000000707600000| Untracked 
|  87|0x0000000707700000, 0x0000000707800000, 0x0000000707800000|100%| S|CS|TAMS 0x0000000707700000, 0x0000000707700000| Complete 
|  88|0x0000000707800000, 0x0000000707900000, 0x0000000707900000|100%| S|CS|TAMS 0x0000000707800000, 0x0000000707800000| Complete 
|  89|0x0000000707900000, 0x0000000707a00000, 0x0000000707a00000|100%| S|CS|TAMS 0x0000000707900000, 0x0000000707900000| Complete 
|  90|0x0000000707a00000, 0x0000000707b00000, 0x0000000707b00000|100%| S|CS|TAMS 0x0000000707a00000, 0x0000000707a00000| Complete 
|  91|0x0000000707b00000, 0x0000000707c00000, 0x0000000707c00000|100%| S|CS|TAMS 0x0000000707b00000, 0x0000000707b00000| Complete 
|  92|0x0000000707c00000, 0x0000000707d00000, 0x0000000707d00000|100%| S|CS|TAMS 0x0000000707c00000, 0x0000000707c00000| Complete 
|  93|0x0000000707d00000, 0x0000000707e00000, 0x0000000707e00000|100%| S|CS|TAMS 0x0000000707d00000, 0x0000000707d00000| Complete 
|  94|0x0000000707e00000, 0x0000000707f00000, 0x0000000707f00000|100%| S|CS|TAMS 0x0000000707e00000, 0x0000000707e00000| Complete 
|  95|0x0000000707f00000, 0x0000000708000000, 0x0000000708000000|100%| S|CS|TAMS 0x0000000707f00000, 0x0000000707f00000| Complete 
|  96|0x0000000708000000, 0x0000000708000000, 0x0000000708100000|  0%| F|  |TAMS 0x0000000708000000, 0x0000000708000000| Untracked 
|  97|0x0000000708100000, 0x0000000708100000, 0x0000000708200000|  0%| F|  |TAMS 0x0000000708100000, 0x0000000708100000| Untracked 
|  98|0x0000000708200000, 0x0000000708200000, 0x0000000708300000|  0%| F|  |TAMS 0x0000000708200000, 0x0000000708200000| Untracked 
|  99|0x0000000708300000, 0x0000000708300000, 0x0000000708400000|  0%| F|  |TAMS 0x0000000708300000, 0x0000000708300000| Untracked 
| 100|0x0000000708400000, 0x0000000708400000, 0x0000000708500000|  0%| F|  |TAMS 0x0000000708400000, 0x0000000708400000| Untracked 
| 101|0x0000000708500000, 0x0000000708500000, 0x0000000708600000|  0%| F|  |TAMS 0x0000000708500000, 0x0000000708500000| Untracked 
| 102|0x0000000708600000, 0x0000000708600000, 0x0000000708700000|  0%| F|  |TAMS 0x0000000708600000, 0x0000000708600000| Untracked 
| 103|0x0000000708700000, 0x0000000708700000, 0x0000000708800000|  0%| F|  |TAMS 0x0000000708700000, 0x0000000708700000| Untracked 
| 104|0x0000000708800000, 0x0000000708800000, 0x0000000708900000|  0%| F|  |TAMS 0x0000000708800000, 0x0000000708800000| Untracked 
| 105|0x0000000708900000, 0x0000000708900000, 0x0000000708a00000|  0%| F|  |TAMS 0x0000000708900000, 0x0000000708900000| Untracked 
| 106|0x0000000708a00000, 0x0000000708a00000, 0x0000000708b00000|  0%| F|  |TAMS 0x0000000708a00000, 0x0000000708a00000| Untracked 
| 107|0x0000000708b00000, 0x0000000708b00000, 0x0000000708c00000|  0%| F|  |TAMS 0x0000000708b00000, 0x0000000708b00000| Untracked 
| 108|0x0000000708c00000, 0x0000000708c00000, 0x0000000708d00000|  0%| F|  |TAMS 0x0000000708c00000, 0x0000000708c00000| Untracked 
| 109|0x0000000708d00000, 0x0000000708d00000, 0x0000000708e00000|  0%| F|  |TAMS 0x0000000708d00000, 0x0000000708d00000| Untracked 
| 110|0x0000000708e00000, 0x0000000708e00000, 0x0000000708f00000|  0%| F|  |TAMS 0x0000000708e00000, 0x0000000708e00000| Untracked 
| 111|0x0000000708f00000, 0x0000000708f00000, 0x0000000709000000|  0%| F|  |TAMS 0x0000000708f00000, 0x0000000708f00000| Untracked 
| 112|0x0000000709000000, 0x0000000709000000, 0x0000000709100000|  0%| F|  |TAMS 0x0000000709000000, 0x0000000709000000| Untracked 
| 113|0x0000000709100000, 0x0000000709200000, 0x0000000709200000|100%| S|CS|TAMS 0x0000000709100000, 0x0000000709100000| Complete 
| 114|0x0000000709200000, 0x0000000709300000, 0x0000000709300000|100%| S|CS|TAMS 0x0000000709200000, 0x0000000709200000| Complete 
| 115|0x0000000709300000, 0x0000000709400000, 0x0000000709400000|100%| S|CS|TAMS 0x0000000709300000, 0x0000000709300000| Complete 
| 116|0x0000000709400000, 0x0000000709500000, 0x0000000709500000|100%| S|CS|TAMS 0x0000000709400000, 0x0000000709400000| Complete 
| 117|0x0000000709500000, 0x0000000709600000, 0x0000000709600000|100%| S|CS|TAMS 0x0000000709500000, 0x0000000709500000| Complete 
| 118|0x0000000709600000, 0x0000000709700000, 0x0000000709700000|100%| S|CS|TAMS 0x0000000709600000, 0x0000000709600000| Complete 
| 119|0x0000000709700000, 0x0000000709700000, 0x0000000709800000|  0%| F|  |TAMS 0x0000000709700000, 0x0000000709700000| Untracked 
| 120|0x0000000709800000, 0x0000000709800000, 0x0000000709900000|  0%| F|  |TAMS 0x0000000709800000, 0x0000000709800000| Untracked 
| 121|0x0000000709900000, 0x0000000709900000, 0x0000000709a00000|  0%| F|  |TAMS 0x0000000709900000, 0x0000000709900000| Untracked 
| 122|0x0000000709a00000, 0x0000000709a00000, 0x0000000709b00000|  0%| F|  |TAMS 0x0000000709a00000, 0x0000000709a00000| Untracked 
| 123|0x0000000709b00000, 0x0000000709b00000, 0x0000000709c00000|  0%| F|  |TAMS 0x0000000709b00000, 0x0000000709b00000| Untracked 
| 124|0x0000000709c00000, 0x0000000709c00000, 0x0000000709d00000|  0%| F|  |TAMS 0x0000000709c00000, 0x0000000709c00000| Untracked 
| 125|0x0000000709d00000, 0x0000000709d00000, 0x0000000709e00000|  0%| F|  |TAMS 0x0000000709d00000, 0x0000000709d00000| Untracked 
| 126|0x0000000709e00000, 0x0000000709e00000, 0x0000000709f00000|  0%| F|  |TAMS 0x0000000709e00000, 0x0000000709e00000| Untracked 
| 127|0x0000000709f00000, 0x0000000709f00000, 0x000000070a000000|  0%| F|  |TAMS 0x0000000709f00000, 0x0000000709f00000| Untracked 
| 128|0x000000070a000000, 0x000000070a000000, 0x000000070a100000|  0%| F|  |TAMS 0x000000070a000000, 0x000000070a000000| Untracked 
| 129|0x000000070a100000, 0x000000070a100000, 0x000000070a200000|  0%| F|  |TAMS 0x000000070a100000, 0x000000070a100000| Untracked 
| 130|0x000000070a200000, 0x000000070a200000, 0x000000070a300000|  0%| F|  |TAMS 0x000000070a200000, 0x000000070a200000| Untracked 
| 131|0x000000070a300000, 0x000000070a300000, 0x000000070a400000|  0%| F|  |TAMS 0x000000070a300000, 0x000000070a300000| Untracked 
| 132|0x000000070a400000, 0x000000070a400000, 0x000000070a500000|  0%| F|  |TAMS 0x000000070a400000, 0x000000070a400000| Untracked 
| 133|0x000000070a500000, 0x000000070a500000, 0x000000070a600000|  0%| F|  |TAMS 0x000000070a500000, 0x000000070a500000| Untracked 
| 134|0x000000070a600000, 0x000000070a600000, 0x000000070a700000|  0%| F|  |TAMS 0x000000070a600000, 0x000000070a600000| Untracked 
| 135|0x000000070a700000, 0x000000070a700000, 0x000000070a800000|  0%| F|  |TAMS 0x000000070a700000, 0x000000070a700000| Untracked 
| 136|0x000000070a800000, 0x000000070a800000, 0x000000070a900000|  0%| F|  |TAMS 0x000000070a800000, 0x000000070a800000| Untracked 
| 137|0x000000070a900000, 0x000000070a900000, 0x000000070aa00000|  0%| F|  |TAMS 0x000000070a900000, 0x000000070a900000| Untracked 
| 138|0x000000070aa00000, 0x000000070aa00000, 0x000000070ab00000|  0%| F|  |TAMS 0x000000070aa00000, 0x000000070aa00000| Untracked 
| 139|0x000000070ab00000, 0x000000070ab00000, 0x000000070ac00000|  0%| F|  |TAMS 0x000000070ab00000, 0x000000070ab00000| Untracked 
| 140|0x000000070ac00000, 0x000000070ac00000, 0x000000070ad00000|  0%| F|  |TAMS 0x000000070ac00000, 0x000000070ac00000| Untracked 
| 141|0x000000070ad00000, 0x000000070ad00000, 0x000000070ae00000|  0%| F|  |TAMS 0x000000070ad00000, 0x000000070ad00000| Untracked 
| 142|0x000000070ae00000, 0x000000070ae00000, 0x000000070af00000|  0%| F|  |TAMS 0x000000070ae00000, 0x000000070ae00000| Untracked 
| 143|0x000000070af00000, 0x000000070af00000, 0x000000070b000000|  0%| F|  |TAMS 0x000000070af00000, 0x000000070af00000| Untracked 
| 144|0x000000070b000000, 0x000000070b000000, 0x000000070b100000|  0%| F|  |TAMS 0x000000070b000000, 0x000000070b000000| Untracked 
| 145|0x000000070b100000, 0x000000070b100000, 0x000000070b200000|  0%| F|  |TAMS 0x000000070b100000, 0x000000070b100000| Untracked 
| 146|0x000000070b200000, 0x000000070b200000, 0x000000070b300000|  0%| F|  |TAMS 0x000000070b200000, 0x000000070b200000| Untracked 
| 147|0x000000070b300000, 0x000000070b300000, 0x000000070b400000|  0%| F|  |TAMS 0x000000070b300000, 0x000000070b300000| Untracked 
| 148|0x000000070b400000, 0x000000070b400000, 0x000000070b500000|  0%| F|  |TAMS 0x000000070b400000, 0x000000070b400000| Untracked 
| 149|0x000000070b500000, 0x000000070b500000, 0x000000070b600000|  0%| F|  |TAMS 0x000000070b500000, 0x000000070b500000| Untracked 
| 150|0x000000070b600000, 0x000000070b600000, 0x000000070b700000|  0%| F|  |TAMS 0x000000070b600000, 0x000000070b600000| Untracked 
| 151|0x000000070b700000, 0x000000070b700000, 0x000000070b800000|  0%| F|  |TAMS 0x000000070b700000, 0x000000070b700000| Untracked 
| 152|0x000000070b800000, 0x000000070b800000, 0x000000070b900000|  0%| F|  |TAMS 0x000000070b800000, 0x000000070b800000| Untracked 
| 153|0x000000070b900000, 0x000000070b900000, 0x000000070ba00000|  0%| F|  |TAMS 0x000000070b900000, 0x000000070b900000| Untracked 
| 154|0x000000070ba00000, 0x000000070ba00000, 0x000000070bb00000|  0%| F|  |TAMS 0x000000070ba00000, 0x000000070ba00000| Untracked 
| 155|0x000000070bb00000, 0x000000070bb80800, 0x000000070bc00000| 50%| E|  |TAMS 0x000000070bb00000, 0x000000070bb00000| Complete 
| 156|0x000000070bc00000, 0x000000070bd00000, 0x000000070bd00000|100%| E|CS|TAMS 0x000000070bc00000, 0x000000070bc00000| Complete 
| 157|0x000000070bd00000, 0x000000070be00000, 0x000000070be00000|100%| E|CS|TAMS 0x000000070bd00000, 0x000000070bd00000| Complete 
| 158|0x000000070be00000, 0x000000070bf00000, 0x000000070bf00000|100%| E|CS|TAMS 0x000000070be00000, 0x000000070be00000| Complete 
| 159|0x000000070bf00000, 0x000000070c000000, 0x000000070c000000|100%| E|CS|TAMS 0x000000070bf00000, 0x000000070bf00000| Complete 
| 160|0x000000070c000000, 0x000000070c100000, 0x000000070c100000|100%| E|CS|TAMS 0x000000070c000000, 0x000000070c000000| Complete 
| 161|0x000000070c100000, 0x000000070c200000, 0x000000070c200000|100%| E|CS|TAMS 0x000000070c100000, 0x000000070c100000| Complete 
| 162|0x000000070c200000, 0x000000070c300000, 0x000000070c300000|100%| E|CS|TAMS 0x000000070c200000, 0x000000070c200000| Complete 
| 163|0x000000070c300000, 0x000000070c400000, 0x000000070c400000|100%| E|CS|TAMS 0x000000070c300000, 0x000000070c300000| Complete 
| 164|0x000000070c400000, 0x000000070c500000, 0x000000070c500000|100%| E|CS|TAMS 0x000000070c400000, 0x000000070c400000| Complete 
| 165|0x000000070c500000, 0x000000070c600000, 0x000000070c600000|100%| E|CS|TAMS 0x000000070c500000, 0x000000070c500000| Complete 
| 166|0x000000070c600000, 0x000000070c700000, 0x000000070c700000|100%| E|CS|TAMS 0x000000070c600000, 0x000000070c600000| Complete 
| 167|0x000000070c700000, 0x000000070c800000, 0x000000070c800000|100%| E|CS|TAMS 0x000000070c700000, 0x000000070c700000| Complete 
| 168|0x000000070c800000, 0x000000070c900000, 0x000000070c900000|100%| E|CS|TAMS 0x000000070c800000, 0x000000070c800000| Complete 
| 169|0x000000070c900000, 0x000000070ca00000, 0x000000070ca00000|100%| E|CS|TAMS 0x000000070c900000, 0x000000070c900000| Complete 
| 170|0x000000070ca00000, 0x000000070cb00000, 0x000000070cb00000|100%| E|CS|TAMS 0x000000070ca00000, 0x000000070ca00000| Complete 
| 171|0x000000070cb00000, 0x000000070cc00000, 0x000000070cc00000|100%| E|CS|TAMS 0x000000070cb00000, 0x000000070cb00000| Complete 
| 172|0x000000070cc00000, 0x000000070cd00000, 0x000000070cd00000|100%| E|CS|TAMS 0x000000070cc00000, 0x000000070cc00000| Complete 
| 173|0x000000070cd00000, 0x000000070ce00000, 0x000000070ce00000|100%| E|CS|TAMS 0x000000070cd00000, 0x000000070cd00000| Complete 
| 174|0x000000070ce00000, 0x000000070cf00000, 0x000000070cf00000|100%| E|CS|TAMS 0x000000070ce00000, 0x000000070ce00000| Complete 
| 175|0x000000070cf00000, 0x000000070d000000, 0x000000070d000000|100%| E|CS|TAMS 0x000000070cf00000, 0x000000070cf00000| Complete 
| 176|0x000000070d000000, 0x000000070d100000, 0x000000070d100000|100%| E|CS|TAMS 0x000000070d000000, 0x000000070d000000| Complete 
| 177|0x000000070d100000, 0x000000070d200000, 0x000000070d200000|100%| E|CS|TAMS 0x000000070d100000, 0x000000070d100000| Complete 
| 178|0x000000070d200000, 0x000000070d300000, 0x000000070d300000|100%| E|CS|TAMS 0x000000070d200000, 0x000000070d200000| Complete 
| 179|0x000000070d300000, 0x000000070d400000, 0x000000070d400000|100%| E|CS|TAMS 0x000000070d300000, 0x000000070d300000| Complete 
| 180|0x000000070d400000, 0x000000070d500000, 0x000000070d500000|100%| E|CS|TAMS 0x000000070d400000, 0x000000070d400000| Complete 
| 181|0x000000070d500000, 0x000000070d600000, 0x000000070d600000|100%| E|CS|TAMS 0x000000070d500000, 0x000000070d500000| Complete 
| 182|0x000000070d600000, 0x000000070d700000, 0x000000070d700000|100%| E|CS|TAMS 0x000000070d600000, 0x000000070d600000| Complete 
| 183|0x000000070d700000, 0x000000070d800000, 0x000000070d800000|100%| E|CS|TAMS 0x000000070d700000, 0x000000070d700000| Complete 
| 184|0x000000070d800000, 0x000000070d900000, 0x000000070d900000|100%| E|CS|TAMS 0x000000070d800000, 0x000000070d800000| Complete 
| 185|0x000000070d900000, 0x000000070da00000, 0x000000070da00000|100%| E|CS|TAMS 0x000000070d900000, 0x000000070d900000| Complete 
| 186|0x000000070da00000, 0x000000070db00000, 0x000000070db00000|100%| E|CS|TAMS 0x000000070da00000, 0x000000070da00000| Complete 
| 187|0x000000070db00000, 0x000000070dc00000, 0x000000070dc00000|100%| E|CS|TAMS 0x000000070db00000, 0x000000070db00000| Complete 
| 188|0x000000070dc00000, 0x000000070dd00000, 0x000000070dd00000|100%| E|CS|TAMS 0x000000070dc00000, 0x000000070dc00000| Complete 
| 189|0x000000070dd00000, 0x000000070de00000, 0x000000070de00000|100%| E|CS|TAMS 0x000000070dd00000, 0x000000070dd00000| Complete 
| 190|0x000000070de00000, 0x000000070df00000, 0x000000070df00000|100%| E|CS|TAMS 0x000000070de00000, 0x000000070de00000| Complete 
| 191|0x000000070df00000, 0x000000070e000000, 0x000000070e000000|100%| E|CS|TAMS 0x000000070df00000, 0x000000070df00000| Complete 
| 192|0x000000070e000000, 0x000000070e100000, 0x000000070e100000|100%| E|CS|TAMS 0x000000070e000000, 0x000000070e000000| Complete 
| 193|0x000000070e100000, 0x000000070e200000, 0x000000070e200000|100%| E|CS|TAMS 0x000000070e100000, 0x000000070e100000| Complete 
| 194|0x000000070e200000, 0x000000070e300000, 0x000000070e300000|100%| E|CS|TAMS 0x000000070e200000, 0x000000070e200000| Complete 
| 195|0x000000070e300000, 0x000000070e400000, 0x000000070e400000|100%| E|CS|TAMS 0x000000070e300000, 0x000000070e300000| Complete 
| 196|0x000000070e400000, 0x000000070e500000, 0x000000070e500000|100%| E|CS|TAMS 0x000000070e400000, 0x000000070e400000| Complete 
| 197|0x000000070e500000, 0x000000070e600000, 0x000000070e600000|100%| E|CS|TAMS 0x000000070e500000, 0x000000070e500000| Complete 
| 198|0x000000070e600000, 0x000000070e700000, 0x000000070e700000|100%| E|CS|TAMS 0x000000070e600000, 0x000000070e600000| Complete 
| 199|0x000000070e700000, 0x000000070e800000, 0x000000070e800000|100%| E|CS|TAMS 0x000000070e700000, 0x000000070e700000| Complete 
| 200|0x000000070e800000, 0x000000070e900000, 0x000000070e900000|100%| E|CS|TAMS 0x000000070e800000, 0x000000070e800000| Complete 
| 201|0x000000070e900000, 0x000000070ea00000, 0x000000070ea00000|100%| E|CS|TAMS 0x000000070e900000, 0x000000070e900000| Complete 
| 202|0x000000070ea00000, 0x000000070eb00000, 0x000000070eb00000|100%| E|CS|TAMS 0x000000070ea00000, 0x000000070ea00000| Complete 
| 203|0x000000070eb00000, 0x000000070ec00000, 0x000000070ec00000|100%| E|CS|TAMS 0x000000070eb00000, 0x000000070eb00000| Complete 
| 204|0x000000070ec00000, 0x000000070ed00000, 0x000000070ed00000|100%| E|CS|TAMS 0x000000070ec00000, 0x000000070ec00000| Complete 
| 205|0x000000070ed00000, 0x000000070ee00000, 0x000000070ee00000|100%| E|CS|TAMS 0x000000070ed00000, 0x000000070ed00000| Complete 
| 206|0x000000070ee00000, 0x000000070ef00000, 0x000000070ef00000|100%| E|CS|TAMS 0x000000070ee00000, 0x000000070ee00000| Complete 
| 207|0x000000070ef00000, 0x000000070f000000, 0x000000070f000000|100%| E|CS|TAMS 0x000000070ef00000, 0x000000070ef00000| Complete 
| 208|0x000000070f000000, 0x000000070f100000, 0x000000070f100000|100%| E|CS|TAMS 0x000000070f000000, 0x000000070f000000| Complete 
| 209|0x000000070f100000, 0x000000070f200000, 0x000000070f200000|100%| E|CS|TAMS 0x000000070f100000, 0x000000070f100000| Complete 
| 210|0x000000070f200000, 0x000000070f300000, 0x000000070f300000|100%| E|CS|TAMS 0x000000070f200000, 0x000000070f200000| Complete 
| 211|0x000000070f300000, 0x000000070f400000, 0x000000070f400000|100%| E|CS|TAMS 0x000000070f300000, 0x000000070f300000| Complete 
| 212|0x000000070f400000, 0x000000070f500000, 0x000000070f500000|100%| E|CS|TAMS 0x000000070f400000, 0x000000070f400000| Complete 
| 213|0x000000070f500000, 0x000000070f600000, 0x000000070f600000|100%| E|CS|TAMS 0x000000070f500000, 0x000000070f500000| Complete 
| 214|0x000000070f600000, 0x000000070f700000, 0x000000070f700000|100%| E|CS|TAMS 0x000000070f600000, 0x000000070f600000| Complete 
| 215|0x000000070f700000, 0x000000070f800000, 0x000000070f800000|100%| E|CS|TAMS 0x000000070f700000, 0x000000070f700000| Complete 
| 216|0x000000070f800000, 0x000000070f900000, 0x000000070f900000|100%| E|CS|TAMS 0x000000070f800000, 0x000000070f800000| Complete 
| 217|0x000000070f900000, 0x000000070fa00000, 0x000000070fa00000|100%| E|CS|TAMS 0x000000070f900000, 0x000000070f900000| Complete 
| 218|0x000000070fa00000, 0x000000070fb00000, 0x000000070fb00000|100%| E|CS|TAMS 0x000000070fa00000, 0x000000070fa00000| Complete 
| 219|0x000000070fb00000, 0x000000070fc00000, 0x000000070fc00000|100%| E|CS|TAMS 0x000000070fb00000, 0x000000070fb00000| Complete 
| 220|0x000000070fc00000, 0x000000070fd00000, 0x000000070fd00000|100%| E|CS|TAMS 0x000000070fc00000, 0x000000070fc00000| Complete 
| 221|0x000000070fd00000, 0x000000070fe00000, 0x000000070fe00000|100%| E|CS|TAMS 0x000000070fd00000, 0x000000070fd00000| Complete 
| 222|0x000000070fe00000, 0x000000070ff00000, 0x000000070ff00000|100%| E|CS|TAMS 0x000000070fe00000, 0x000000070fe00000| Complete 
| 223|0x000000070ff00000, 0x0000000710000000, 0x0000000710000000|100%| E|CS|TAMS 0x000000070ff00000, 0x000000070ff00000| Complete 
| 224|0x0000000710000000, 0x0000000710100000, 0x0000000710100000|100%| E|CS|TAMS 0x0000000710000000, 0x0000000710000000| Complete 
| 225|0x0000000710100000, 0x0000000710200000, 0x0000000710200000|100%| E|CS|TAMS 0x0000000710100000, 0x0000000710100000| Complete 
| 226|0x0000000710200000, 0x0000000710300000, 0x0000000710300000|100%| E|CS|TAMS 0x0000000710200000, 0x0000000710200000| Complete 
| 227|0x0000000710300000, 0x0000000710400000, 0x0000000710400000|100%| E|CS|TAMS 0x0000000710300000, 0x0000000710300000| Complete 
| 228|0x0000000710400000, 0x0000000710500000, 0x0000000710500000|100%| E|CS|TAMS 0x0000000710400000, 0x0000000710400000| Complete 
| 229|0x0000000710500000, 0x0000000710600000, 0x0000000710600000|100%| E|CS|TAMS 0x0000000710500000, 0x0000000710500000| Complete 
| 230|0x0000000710600000, 0x0000000710700000, 0x0000000710700000|100%| E|CS|TAMS 0x0000000710600000, 0x0000000710600000| Complete 
| 231|0x0000000710700000, 0x0000000710800000, 0x0000000710800000|100%| E|CS|TAMS 0x0000000710700000, 0x0000000710700000| Complete 
| 232|0x0000000710800000, 0x0000000710900000, 0x0000000710900000|100%| E|CS|TAMS 0x0000000710800000, 0x0000000710800000| Complete 
| 233|0x0000000710900000, 0x0000000710a00000, 0x0000000710a00000|100%| E|CS|TAMS 0x0000000710900000, 0x0000000710900000| Complete 
| 234|0x0000000710a00000, 0x0000000710b00000, 0x0000000710b00000|100%| E|CS|TAMS 0x0000000710a00000, 0x0000000710a00000| Complete 
| 235|0x0000000710b00000, 0x0000000710c00000, 0x0000000710c00000|100%| E|CS|TAMS 0x0000000710b00000, 0x0000000710b00000| Complete 
| 236|0x0000000710c00000, 0x0000000710d00000, 0x0000000710d00000|100%| E|CS|TAMS 0x0000000710c00000, 0x0000000710c00000| Complete 
| 237|0x0000000710d00000, 0x0000000710e00000, 0x0000000710e00000|100%| E|CS|TAMS 0x0000000710d00000, 0x0000000710d00000| Complete 
| 238|0x0000000710e00000, 0x0000000710f00000, 0x0000000710f00000|100%| E|CS|TAMS 0x0000000710e00000, 0x0000000710e00000| Complete 
| 239|0x0000000710f00000, 0x0000000711000000, 0x0000000711000000|100%| E|CS|TAMS 0x0000000710f00000, 0x0000000710f00000| Complete 
| 240|0x0000000711000000, 0x0000000711100000, 0x0000000711100000|100%| E|CS|TAMS 0x0000000711000000, 0x0000000711000000| Complete 
| 241|0x0000000711100000, 0x0000000711200000, 0x0000000711200000|100%| E|CS|TAMS 0x0000000711100000, 0x0000000711100000| Complete 
| 242|0x0000000711200000, 0x0000000711300000, 0x0000000711300000|100%| E|CS|TAMS 0x0000000711200000, 0x0000000711200000| Complete 
| 243|0x0000000711300000, 0x0000000711400000, 0x0000000711400000|100%| E|CS|TAMS 0x0000000711300000, 0x0000000711300000| Complete 
| 244|0x0000000711400000, 0x0000000711500000, 0x0000000711500000|100%| E|CS|TAMS 0x0000000711400000, 0x0000000711400000| Complete 
| 245|0x0000000711500000, 0x0000000711600000, 0x0000000711600000|100%| E|CS|TAMS 0x0000000711500000, 0x0000000711500000| Complete 
| 246|0x0000000711600000, 0x0000000711700000, 0x0000000711700000|100%| E|CS|TAMS 0x0000000711600000, 0x0000000711600000| Complete 
| 247|0x0000000711700000, 0x0000000711800000, 0x0000000711800000|100%| E|CS|TAMS 0x0000000711700000, 0x0000000711700000| Complete 
| 248|0x0000000711800000, 0x0000000711900000, 0x0000000711900000|100%| E|CS|TAMS 0x0000000711800000, 0x0000000711800000| Complete 
| 249|0x0000000711900000, 0x0000000711a00000, 0x0000000711a00000|100%| E|CS|TAMS 0x0000000711900000, 0x0000000711900000| Complete 
| 250|0x0000000711a00000, 0x0000000711b00000, 0x0000000711b00000|100%| E|CS|TAMS 0x0000000711a00000, 0x0000000711a00000| Complete 
| 251|0x0000000711b00000, 0x0000000711c00000, 0x0000000711c00000|100%| E|CS|TAMS 0x0000000711b00000, 0x0000000711b00000| Complete 
| 252|0x0000000711c00000, 0x0000000711d00000, 0x0000000711d00000|100%| E|CS|TAMS 0x0000000711c00000, 0x0000000711c00000| Complete 
| 253|0x0000000711d00000, 0x0000000711e00000, 0x0000000711e00000|100%| E|CS|TAMS 0x0000000711d00000, 0x0000000711d00000| Complete 

Card table byte_map: [0x000001d53d3e0000,0x000001d53dbd0000] _byte_map_base: 0x000001d539bd0000

Marking Bits (Prev, Next): (CMBitMap*) 0x000001d524c5dfc0, (CMBitMap*) 0x000001d524c5df88
 Prev Bits: [0x000001d542340000, 0x000001d5462c0000)
 Next Bits: [0x000001d53e3c0000, 0x000001d542340000)

Polling page: 0x000001d522bf0000

Metaspace:

Usage:
  Non-class:     70.93 MB capacity,    69.55 MB ( 98%) used,     1.10 MB (  2%) free+waste,   285.75 KB ( <1%) overhead. 
      Class:     10.80 MB capacity,     9.94 MB ( 92%) used,   746.72 KB (  7%) free+waste,   133.94 KB (  1%) overhead. 
       Both:     81.74 MB capacity,    79.50 MB ( 97%) used,     1.83 MB (  2%) free+waste,   419.69 KB ( <1%) overhead. 

Virtual space:
  Non-class space:       72.00 MB reserved,      71.00 MB ( 99%) committed 
      Class space:        1.00 GB reserved,      10.87 MB (  1%) committed 
             Both:        1.07 GB reserved,      81.87 MB (  7%) committed 

Chunk freelists:
   Non-Class:  0 bytes
       Class:  0 bytes
        Both:  0 bytes

MaxMetaspaceSize: 17179869184.00 GB
CompressedClassSpaceSize: 1.00 GB
Initial GC threshold: 20.80 MB
Current GC threshold: 98.11 MB
CDS: off

CodeHeap 'non-profiled nmethods': size=119168Kb used=4895Kb max_used=4895Kb free=114272Kb
 bounds [0x000001d534f10000, 0x000001d5353e0000, 0x000001d53c370000]
CodeHeap 'profiled nmethods': size=119168Kb used=18475Kb max_used=18475Kb free=100692Kb
 bounds [0x000001d52dab0000, 0x000001d52ecc0000, 0x000001d534f10000]
CodeHeap 'non-nmethods': size=7424Kb used=3021Kb max_used=3074Kb free=4402Kb
 bounds [0x000001d52d370000, 0x000001d52d680000, 0x000001d52dab0000]
 total_blobs=8300 nmethods=7667 adapters=541
 compilation: enabled
              stopped_count=0, restarted_count=0
 full_count=0

Compilation events (20 events):
Event: 14.124 Thread 0x000001d549d4d800 7846       2       java.util.AbstractSet::hashCode (39 bytes)
Event: 14.124 Thread 0x000001d549d4d800 nmethod 7846 0x000001d52ecb2d90 code [0x000001d52ecb2f80, 0x000001d52ecb3198]
Event: 14.128 Thread 0x000001d549ee0000 7847   !   2       org.springframework.core.annotation.AnnotationUtils::invokeAnnotationMethod (32 bytes)
Event: 14.128 Thread 0x000001d549ed9800 7848       2       org.springframework.core.annotation.TypeMappedAnnotation$$Lambda$47/0x0000000800112840::extract (6 bytes)
Event: 14.129 Thread 0x000001d549ed9800 nmethod 7848 0x000001d52ecb3310 code [0x000001d52ecb35c0, 0x000001d52ecb3dc8]
Event: 14.129 Thread 0x000001d549ee0000 nmethod 7847 0x000001d52ecb4310 code [0x000001d52ecb45c0, 0x000001d52ecb4da8]
Event: 14.133 Thread 0x000001d549d4d800 7849       2       java.util.Spliterators$ArraySpliterator::forEachRemaining (68 bytes)
Event: 14.133 Thread 0x000001d54a966800 7850       2       java.util.Arrays::hashCode (56 bytes)
Event: 14.133 Thread 0x000001d549d4d800 nmethod 7849 0x000001d52ecb5310 code [0x000001d52ecb54e0, 0x000001d52ecb57b8]
Event: 14.134 Thread 0x000001d54a966800 nmethod 7850 0x000001d52ecb5910 code [0x000001d52ecb5ac0, 0x000001d52ecb5ca8]
Event: 14.134 Thread 0x000001d549ed9800 7851       2       java.lang.invoke.MethodHandles$Lookup::linkMethodHandleConstant (220 bytes)
Event: 14.136 Thread 0x000001d549ed9800 nmethod 7851 0x000001d52ecb5e10 code [0x000001d52ecb6100, 0x000001d52ecb6d58]
Event: 14.139 Thread 0x000001d549ee0000 7852       2       java.lang.Module::canRead (86 bytes)
Event: 14.140 Thread 0x000001d549ee0000 nmethod 7852 0x000001d52ecb7390 code [0x000001d52ecb7640, 0x000001d52ecb8028]
Event: 14.159 Thread 0x000001d549d4d800 7854   !   2       java.lang.invoke.LambdaForm::compileToBytecode (162 bytes)
Event: 14.161 Thread 0x000001d549d4d800 nmethod 7854 0x000001d52ecb8510 code [0x000001d52ecb8820, 0x000001d52ecb94d8]
Event: 14.167 Thread 0x000001d54a966800 7857       2       java.lang.invoke.LambdaFormEditor::getInCache (186 bytes)
Event: 14.168 Thread 0x000001d54a966800 nmethod 7857 0x000001d52ecb9f10 code [0x000001d52ecba120, 0x000001d52ecba6a8]
Event: 14.170 Thread 0x000001d549ed9800 7858       2       java.util.HashMap$ValueSpliterator::characteristics (28 bytes)
Event: 14.170 Thread 0x000001d549ed9800 nmethod 7858 0x000001d52ecbaa10 code [0x000001d52ecbabc0, 0x000001d52ecbacf8]

GC Heap History (14 events):
Event: 4.771 GC heap before
{Heap before GC invocations=0 (full 0):
 garbage-first heap   total 260096K, used 24576K [0x0000000702000000, 0x0000000800000000)
  region size 1024K, 24 young (24576K), 0 survivors (0K)
 Metaspace       used 11571K, capacity 11727K, committed 11904K, reserved 1060864K
  class space    used 1048K, capacity 1097K, committed 1152K, reserved 1048576K
}
Event: 4.776 GC heap after
{Heap after GC invocations=1 (full 0):
 garbage-first heap   total 260096K, used 8105K [0x0000000702000000, 0x0000000800000000)
  region size 1024K, 3 young (3072K), 3 survivors (3072K)
 Metaspace       used 11571K, capacity 11727K, committed 11904K, reserved 1060864K
  class space    used 1048K, capacity 1097K, committed 1152K, reserved 1048576K
}
Event: 5.423 GC heap before
{Heap before GC invocations=1 (full 0):
 garbage-first heap   total 260096K, used 57257K [0x0000000702000000, 0x0000000800000000)
  region size 1024K, 52 young (53248K), 3 survivors (3072K)
 Metaspace       used 20661K, capacity 21154K, committed 21504K, reserved 1069056K
  class space    used 2264K, capacity 2441K, committed 2560K, reserved 1048576K
}
Event: 5.428 GC heap after
{Heap after GC invocations=2 (full 0):
 garbage-first heap   total 260096K, used 10192K [0x0000000702000000, 0x0000000800000000)
  region size 1024K, 6 young (6144K), 6 survivors (6144K)
 Metaspace       used 20661K, capacity 21154K, committed 21504K, reserved 1069056K
  class space    used 2264K, capacity 2441K, committed 2560K, reserved 1048576K
}
Event: 5.663 GC heap before
{Heap before GC invocations=3 (full 0):
 garbage-first heap   total 260096K, used 38864K [0x0000000702000000, 0x0000000800000000)
  region size 1024K, 35 young (35840K), 6 survivors (6144K)
 Metaspace       used 23897K, capacity 24399K, committed 24576K, reserved 1071104K
  class space    used 2757K, capacity 2971K, committed 3072K, reserved 1048576K
}
Event: 5.667 GC heap after
{Heap after GC invocations=4 (full 0):
 garbage-first heap   total 260096K, used 11412K [0x0000000702000000, 0x0000000800000000)
  region size 1024K, 4 young (4096K), 4 survivors (4096K)
 Metaspace       used 23897K, capacity 24399K, committed 24576K, reserved 1071104K
  class space    used 2757K, capacity 2971K, committed 3072K, reserved 1048576K
}
Event: 6.671 GC heap before
{Heap before GC invocations=4 (full 0):
 garbage-first heap   total 260096K, used 83092K [0x0000000702000000, 0x0000000800000000)
  region size 1024K, 74 young (75776K), 4 survivors (4096K)
 Metaspace       used 29450K, capacity 30034K, committed 30336K, reserved 1075200K
  class space    used 3352K, capacity 3612K, committed 3712K, reserved 1048576K
}
Event: 6.676 GC heap after
{Heap after GC invocations=5 (full 0):
 garbage-first heap   total 260096K, used 13869K [0x0000000702000000, 0x0000000800000000)
  region size 1024K, 6 young (6144K), 6 survivors (6144K)
 Metaspace       used 29450K, capacity 30034K, committed 30336K, reserved 1075200K
  class space    used 3352K, capacity 3612K, committed 3712K, reserved 1048576K
}
Event: 7.699 GC heap before
{Heap before GC invocations=5 (full 0):
 garbage-first heap   total 260096K, used 75309K [0x0000000702000000, 0x0000000800000000)
  region size 1024K, 67 young (68608K), 6 survivors (6144K)
 Metaspace       used 34842K, capacity 35692K, committed 35840K, reserved 1081344K
  class space    used 4044K, capacity 4339K, committed 4352K, reserved 1048576K
}
Event: 7.711 GC heap after
{Heap after GC invocations=6 (full 0):
 garbage-first heap   total 260096K, used 16013K [0x0000000702000000, 0x0000000800000000)
  region size 1024K, 8 young (8192K), 8 survivors (8192K)
 Metaspace       used 34842K, capacity 35692K, committed 35840K, reserved 1081344K
  class space    used 4044K, capacity 4339K, committed 4352K, reserved 1048576K
}
Event: 10.952 GC heap before
{Heap before GC invocations=7 (full 0):
 garbage-first heap   total 260096K, used 151181K [0x0000000702000000, 0x0000000800000000)
  region size 1024K, 141 young (144384K), 8 survivors (8192K)
 Metaspace       used 58654K, capacity 59876K, committed 59904K, reserved 1101824K
  class space    used 7175K, capacity 7674K, committed 7680K, reserved 1048576K
}
Event: 10.975 GC heap after
{Heap after GC invocations=8 (full 0):
 garbage-first heap   total 260096K, used 25322K [0x0000000702000000, 0x0000000800000000)
  region size 1024K, 17 young (17408K), 17 survivors (17408K)
 Metaspace       used 58654K, capacity 59876K, committed 59904K, reserved 1101824K
  class space    used 7175K, capacity 7674K, committed 7680K, reserved 1048576K
}
Event: 12.844 GC heap before
{Heap before GC invocations=9 (full 0):
 garbage-first heap   total 260096K, used 163562K [0x0000000702000000, 0x0000000800000000)
  region size 1024K, 152 young (155648K), 17 survivors (17408K)
 Metaspace       used 73732K, capacity 75505K, committed 75768K, reserved 1116160K
  class space    used 9149K, capacity 9831K, committed 9976K, reserved 1048576K
}
Event: 12.857 GC heap after
{Heap after GC invocations=10 (full 0):
 garbage-first heap   total 260096K, used 30441K [0x0000000702000000, 0x0000000800000000)
  region size 1024K, 15 young (15360K), 15 survivors (15360K)
 Metaspace       used 73732K, capacity 75505K, committed 75768K, reserved 1116160K
  class space    used 9149K, capacity 9831K, committed 9976K, reserved 1048576K
}

Deoptimization events (20 events):
Event: 13.991 Thread 0x000001d524bf6000 Uncommon trap: trap_request=0xffffffde fr.pc=0x000001d5352a76fc relative=0x000000000000005c
Event: 13.991 Thread 0x000001d524bf6000 Uncommon trap: reason=class_check action=maybe_recompile pc=0x000001d5352a76fc method=java.util.stream.StreamOpFlag.fromCharacteristics(Ljava/util/Spliterator;)I @ 14 c2
Event: 13.991 Thread 0x000001d524bf6000 DEOPT PACKING pc=0x000001d5352a76fc sp=0x0000008f1cffe0f0
Event: 13.991 Thread 0x000001d524bf6000 DEOPT UNPACKING pc=0x000001d52d3ba1af sp=0x0000008f1cffe080 mode 2
Event: 13.995 Thread 0x000001d524bf6000 DEOPT PACKING pc=0x000001d52ea8a4bc sp=0x0000008f1cffdc00
Event: 13.995 Thread 0x000001d524bf6000 DEOPT UNPACKING pc=0x000001d52d3ba95e sp=0x0000008f1cffd0d8 mode 0
Event: 14.007 Thread 0x000001d524bf6000 DEOPT PACKING pc=0x000001d52ea8ba07 sp=0x0000008f1cffe350
Event: 14.007 Thread 0x000001d524bf6000 DEOPT UNPACKING pc=0x000001d52d3ba95e sp=0x0000008f1cffd820 mode 0
Event: 14.124 Thread 0x000001d524bf6000 Uncommon trap: trap_request=0xffffff4d fr.pc=0x000001d535107734 relative=0x0000000000000114
Event: 14.124 Thread 0x000001d524bf6000 Uncommon trap: reason=unstable_if action=reinterpret pc=0x000001d535107734 method=java.util.Arrays.hashCode([Ljava/lang/Object;)I @ 34 c2
Event: 14.124 Thread 0x000001d524bf6000 DEOPT PACKING pc=0x000001d535107734 sp=0x0000008f1cffe830
Event: 14.124 Thread 0x000001d524bf6000 DEOPT UNPACKING pc=0x000001d52d3ba1af sp=0x0000008f1cffe7a8 mode 2
Event: 14.128 Thread 0x000001d524bf6000 Uncommon trap: trap_request=0xffffff4d fr.pc=0x000001d53535f8e4 relative=0x00000000000005c4
Event: 14.128 Thread 0x000001d524bf6000 Uncommon trap: reason=unstable_if action=reinterpret pc=0x000001d53535f8e4 method=org.springframework.core.annotation.AnnotationUtils.findAnnotation(Ljava/lang/reflect/Method;Ljava/lang/Class;)Ljava/lang/annotation/Annotation; @ 15 c2
Event: 14.128 Thread 0x000001d524bf6000 DEOPT PACKING pc=0x000001d53535f8e4 sp=0x0000008f1cffe430
Event: 14.128 Thread 0x000001d524bf6000 DEOPT UNPACKING pc=0x000001d52d3ba1af sp=0x0000008f1cffe420 mode 2
Event: 14.128 Thread 0x000001d524bf6000 Uncommon trap: trap_request=0xffffff4d fr.pc=0x000001d53530a2a4 relative=0x00000000000003c4
Event: 14.128 Thread 0x000001d524bf6000 Uncommon trap: reason=unstable_if action=reinterpret pc=0x000001d53530a2a4 method=org.springframework.core.annotation.AnnotationUtils.findAnnotation(Ljava/lang/Class;Ljava/lang/Class;)Ljava/lang/annotation/Annotation; @ 15 c2
Event: 14.128 Thread 0x000001d524bf6000 DEOPT PACKING pc=0x000001d53530a2a4 sp=0x0000008f1cffe430
Event: 14.128 Thread 0x000001d524bf6000 DEOPT UNPACKING pc=0x000001d52d3ba1af sp=0x0000008f1cffe410 mode 2

Classes redefined (0 events):
No events

Internal exceptions (20 events):
Event: 13.354 Thread 0x000001d524bf6000 Exception <a 'java/lang/ClassNotFoundException'{0x000000070ff706e0}: org/springframework/context/annotation/ImportAwareCustomizer> (0x000000070ff706e0) thrown at [s\src\hotspot\share\classfile\systemDictionary.cpp, line 230]
Event: 13.355 Thread 0x000001d524bf6000 Exception <a 'java/lang/ClassNotFoundException'{0x000000070ff82728}: org/springframework/beans/factory/AwareCustomizer> (0x000000070ff82728) thrown at [s\src\hotspot\share\classfile\systemDictionary.cpp, line 230]
Event: 13.355 Thread 0x000001d524bf6000 Exception <a 'java/lang/ClassNotFoundException'{0x000000070ff963c0}: org/springframework/beans/factory/BeanClassLoaderAwareCustomizer> (0x000000070ff963c0) thrown at [s\src\hotspot\share\classfile\systemDictionary.cpp, line 230]
Event: 13.355 Thread 0x000001d524bf6000 Exception <a 'java/lang/ClassNotFoundException'{0x000000070ffa81a8}: org/springframework/beans/factory/AwareCustomizer> (0x000000070ffa81a8) thrown at [s\src\hotspot\share\classfile\systemDictionary.cpp, line 230]
Event: 13.397 Thread 0x000001d524bf6000 Implicit null exception at 0x000001d53501b65d to 0x000001d53501b716
Event: 13.569 Thread 0x000001d524bf6000 Exception <a 'java/lang/ClassNotFoundException'{0x000000070eb5fbe8}: java/lang/ObjectCustomizer> (0x000000070eb5fbe8) thrown at [s\src\hotspot\share\classfile\systemDictionary.cpp, line 230]
Event: 13.570 Thread 0x000001d524bf6000 Exception <a 'java/lang/ClassNotFoundException'{0x000000070eb7d450}: org/springframework/security/config/annotation/web/configuration/HttpSecurityConfigurationCustomizer> (0x000000070eb7d450) thrown at [s\src\hotspot\share\classfile\systemDictionary.cpp, line 230]
Event: 13.666 Thread 0x000001d524bf6000 Implicit null exception at 0x000001d53535ece8 to 0x000001d53535ed8c
Event: 13.702 Thread 0x000001d524bf6000 Exception <a 'java/lang/NoSuchMethodError'{0x000000070e0455f0}: 'void java.lang.invoke.DirectMethodHandle$Holder.invokeVirtual(java.lang.Object, java.lang.Object, int)'> (0x000000070e0455f0) thrown at [s\src\hotspot\share\interpreter\linkResolver.cpp, line 773]
Event: 13.704 Thread 0x000001d524bf6000 Exception <a 'java/lang/NoSuchMethodError'{0x000000070e05f3f0}: 'void java.lang.invoke.DirectMethodHandle$Holder.invokeVirtual(java.lang.Object, java.lang.Object, long)'> (0x000000070e05f3f0) thrown at [s\src\hotspot\share\interpreter\linkResolver.cpp, line 773]
Event: 13.804 Thread 0x000001d524bf6000 Exception <a 'java/lang/IncompatibleClassChangeError'{0x000000070d9d5568}: Found class java.lang.Object, but interface was expected> (0x000000070d9d5568) thrown at [s\src\hotspot\share\interpreter\linkResolver.cpp, line 839]
Event: 13.960 Thread 0x000001d524bf6000 Exception <a 'java/lang/NoSuchMethodError'{0x000000070ca38eb0}: 'java.lang.Object java.lang.invoke.DirectMethodHandle$Holder.invokeSpecial(java.lang.Object, java.lang.Object, int, java.lang.Object, int, java.lang.Object)'> (0x000000070ca38eb0) thrown at [s\src\hotspot\share\interpreter\linkResolver.cpp, line 773]
Event: 13.961 Thread 0x000001d524bf6000 Exception <a 'java/lang/NoSuchMethodError'{0x000000070ca40398}: 'java.lang.Object java.lang.invoke.DirectMethodHandle$Holder.invokeStatic(java.lang.Object, java.lang.Object, int, java.lang.Object, int)'> (0x000000070ca40398) thrown at [s\src\hotspot\share\interpreter\linkResolver.cpp, line 773]
Event: 13.961 Thread 0x000001d524bf6000 Exception <a 'java/lang/NoSuchMethodError'{0x000000070ca43b78}: 'java.lang.Object java.lang.invoke.DirectMethodHandle$Holder.invokeSpecial(java.lang.Object, java.lang.Object, java.lang.Object, int, java.lang.Object, int)'> (0x000000070ca43b78) thrown at [s\src\hotspot\share\interpreter\linkResolver.cpp, line 773]
Event: 13.962 Thread 0x000001d524bf6000 Exception <a 'java/lang/NoSuchMethodError'{0x000000070ca53140}: 'void java.lang.invoke.DirectMethodHandle$Holder.invokeVirtual(java.lang.Object, java.lang.Object)'> (0x000000070ca53140) thrown at [s\src\hotspot\share\interpreter\linkResolver.cpp, line 773]
Event: 14.079 Thread 0x000001d524bf6000 Exception <a 'java/lang/NoSuchMethodError'{0x000000070bf6f058}: 'java.lang.Object java.lang.invoke.Invokers$Holder.linkToTargetMethod(java.lang.Object, java.lang.Object, java.lang.Object, java.lang.Object, java.lang.Object, java.lang.Object, java.lang.Object)'> (0x000000070bf6f058) thrown at [s\src\hotspot\share\interpreter\linkResolver.cpp, line 773]
Event: 14.124 Thread 0x000001d524bf6000 Implicit null exception at 0x000001d53510766c to 0x000001d535107718
Event: 14.160 Thread 0x000001d524bf6000 Exception <a 'java/lang/NoSuchMethodError'{0x000000070bc55e48}: 'java.lang.Object java.lang.invoke.DirectMethodHandle$Holder.invokeStatic(java.lang.Object, java.lang.Object, java.lang.Object, int)'> (0x000000070bc55e48) thrown at [s\src\hotspot\share\interpreter\linkResolver.cpp, line 773]
Event: 14.160 Thread 0x000001d524bf6000 Exception <a 'java/lang/NoSuchMethodError'{0x000000070bc59810}: 'java.lang.Object java.lang.invoke.DirectMethodHandle$Holder.invokeSpecial(java.lang.Object, java.lang.Object, java.lang.Object, java.lang.Object, int)'> (0x000000070bc59810) thrown at [s\src\hotspot\share\interpreter\linkResolver.cpp, line 773]
Event: 14.161 Thread 0x000001d524bf6000 Exception <a 'java/lang/NoSuchMethodError'{0x000000070bc5c878}: 'java.lang.Object java.lang.invoke.Invokers$Holder.linkToTargetMethod(java.lang.Object, java.lang.Object, int, java.lang.Object)'> (0x000000070bc5c878) thrown at [s\src\hotspot\share\interpreter\linkResolver.cpp, line 773]

Events (20 events):
Event: 14.174 loading class io/swagger/v3/oas/annotations/Parameter
Event: 14.174 loading class io/swagger/v3/oas/annotations/Parameter done
Event: 14.174 loading class io/swagger/v3/oas/annotations/Parameter
Event: 14.174 loading class io/swagger/v3/oas/annotations/Parameter done
Event: 14.174 loading class springfox/documentation/service/AllowableValues
Event: 14.174 loading class springfox/documentation/service/AllowableValues done
Event: 14.174 loading class springfox/documentation/builders/SimpleParameterSpecificationBuilder
Event: 14.174 loading class springfox/documentation/builders/SimpleParameterSpecificationBuilder done
Event: 14.174 loading class springfox/documentation/service/AllowableValues
Event: 14.174 loading class springfox/documentation/service/AllowableValues done
Event: 14.174 loading class springfox/documentation/service/AllowableValues
Event: 14.174 loading class springfox/documentation/service/AllowableValues done
Event: 14.174 loading class springfox/documentation/builders/EnumerationElementFacetBuilder
Event: 14.174 loading class springfox/documentation/builders/EnumerationElementFacetBuilder done
Event: 14.174 loading class springfox/documentation/service/AllowableValues
Event: 14.174 loading class springfox/documentation/service/AllowableValues done
Event: 14.175 loading class springfox/documentation/builders/ParameterSpecificationContext
Event: 14.175 loading class springfox/documentation/builders/ParameterSpecificationContext done
Event: 14.176 loading class org/slf4j/event/Level
Event: 14.176 loading class org/slf4j/event/Level done


Dynamic libraries:
0x00007ff74dd60000 - 0x00007ff74dd6e000 	C:\Users\84357\.jdks\corretto-11.0.22\bin\java.exe
0x00007ffd2d3f0000 - 0x00007ffd2d607000 	C:\WINDOWS\SYSTEM32\ntdll.dll
0x00007ffd2beb0000 - 0x00007ffd2bf74000 	C:\WINDOWS\System32\KERNEL32.DLL
0x00007ffd2abd0000 - 0x00007ffd2af76000 	C:\WINDOWS\System32\KERNELBASE.dll
0x00007ffd2a940000 - 0x00007ffd2aa51000 	C:\WINDOWS\System32\ucrtbase.dll
0x00007ffd0a440000 - 0x00007ffd0a45b000 	C:\Users\84357\.jdks\corretto-11.0.22\bin\VCRUNTIME140.dll
0x00007ffd0ce20000 - 0x00007ffd0ce37000 	C:\Users\84357\.jdks\corretto-11.0.22\bin\jli.dll
0x00007ffd2ba90000 - 0x00007ffd2bc3e000 	C:\WINDOWS\System32\USER32.dll
0x00007ffd2a910000 - 0x00007ffd2a936000 	C:\WINDOWS\System32\win32u.dll
0x00007ffd15fd0000 - 0x00007ffd16263000 	C:\WINDOWS\WinSxS\amd64_microsoft.windows.common-controls_6595b64144ccf1df_6.0.22621.2506_none_270c5ae97388e100\COMCTL32.dll
0x00007ffd2be20000 - 0x00007ffd2be49000 	C:\WINDOWS\System32\GDI32.dll
0x00007ffd2b320000 - 0x00007ffd2b3c7000 	C:\WINDOWS\System32\msvcrt.dll
0x00007ffd2a7f0000 - 0x00007ffd2a908000 	C:\WINDOWS\System32\gdi32full.dll
0x00007ffd2b030000 - 0x00007ffd2b0ca000 	C:\WINDOWS\System32\msvcp_win.dll
0x00007ffd2cdc0000 - 0x00007ffd2cdf1000 	C:\WINDOWS\System32\IMM32.DLL
0x00007ffd0dac0000 - 0x00007ffd0dacc000 	C:\Users\84357\.jdks\corretto-11.0.22\bin\vcruntime140_1.dll
0x00007ffce3b30000 - 0x00007ffce3bbd000 	C:\Users\84357\.jdks\corretto-11.0.22\bin\msvcp140.dll
0x00007ffcc2220000 - 0x00007ffcc2de3000 	C:\Users\84357\.jdks\corretto-11.0.22\bin\server\jvm.dll
0x00007ffd2c320000 - 0x00007ffd2c3d3000 	C:\WINDOWS\System32\ADVAPI32.dll
0x00007ffd2bca0000 - 0x00007ffd2bd48000 	C:\WINDOWS\System32\sechost.dll
0x00007ffd2af80000 - 0x00007ffd2afa8000 	C:\WINDOWS\System32\bcrypt.dll
0x00007ffd2d290000 - 0x00007ffd2d3a7000 	C:\WINDOWS\System32\RPCRT4.dll
0x00007ffd2b9f0000 - 0x00007ffd2b9f8000 	C:\WINDOWS\System32\PSAPI.DLL
0x00007ffd22e80000 - 0x00007ffd22eb4000 	C:\WINDOWS\SYSTEM32\WINMM.dll
0x00007ffd25d40000 - 0x00007ffd25d49000 	C:\WINDOWS\SYSTEM32\WSOCK32.dll
0x00007ffd229f0000 - 0x00007ffd229fa000 	C:\WINDOWS\SYSTEM32\VERSION.dll
0x00007ffd2bd50000 - 0x00007ffd2bdc1000 	C:\WINDOWS\System32\WS2_32.dll
0x00007ffd29770000 - 0x00007ffd29788000 	C:\WINDOWS\SYSTEM32\kernel.appcore.dll
0x00007ffd0da80000 - 0x00007ffd0da90000 	C:\Users\84357\.jdks\corretto-11.0.22\bin\verify.dll
0x00007ffd21a70000 - 0x00007ffd21ca3000 	C:\WINDOWS\SYSTEM32\DBGHELP.DLL
0x00007ffd2b570000 - 0x00007ffd2b8f9000 	C:\WINDOWS\System32\combase.dll
0x00007ffd2b900000 - 0x00007ffd2b9d7000 	C:\WINDOWS\System32\OLEAUT32.dll
0x00007ffd13dc0000 - 0x00007ffd13df2000 	C:\WINDOWS\SYSTEM32\dbgcore.DLL
0x00007ffd2afb0000 - 0x00007ffd2b02a000 	C:\WINDOWS\System32\bcryptPrimitives.dll
0x00007ffcf9f70000 - 0x00007ffcf9f98000 	C:\Users\84357\.jdks\corretto-11.0.22\bin\java.dll
0x00007ffd0ce10000 - 0x00007ffd0ce1a000 	C:\Users\84357\.jdks\corretto-11.0.22\bin\jimage.dll
0x00007ffd25c00000 - 0x00007ffd25c0e000 	C:\Users\84357\.jdks\corretto-11.0.22\bin\instrument.dll
0x00007ffd0a200000 - 0x00007ffd0a218000 	C:\Users\84357\.jdks\corretto-11.0.22\bin\zip.dll
0x00007ffd2c560000 - 0x00007ffd2cdbb000 	C:\WINDOWS\System32\SHELL32.dll
0x00007ffd28690000 - 0x00007ffd28f86000 	C:\WINDOWS\SYSTEM32\windows.storage.dll
0x00007ffd28550000 - 0x00007ffd2868e000 	C:\WINDOWS\SYSTEM32\wintypes.dll
0x00007ffd2c400000 - 0x00007ffd2c4f3000 	C:\WINDOWS\System32\SHCORE.dll
0x00007ffd2bc40000 - 0x00007ffd2bc9e000 	C:\WINDOWS\System32\shlwapi.dll
0x00007ffd2a660000 - 0x00007ffd2a686000 	C:\WINDOWS\SYSTEM32\profapi.dll
0x00007ffd02410000 - 0x00007ffd02429000 	C:\Users\84357\.jdks\corretto-11.0.22\bin\net.dll
0x00007ffd237b0000 - 0x00007ffd238e7000 	C:\WINDOWS\SYSTEM32\WINHTTP.dll
0x00007ffd29bf0000 - 0x00007ffd29c59000 	C:\WINDOWS\system32\mswsock.dll
0x00007ffd01110000 - 0x00007ffd01122000 	C:\Users\84357\.jdks\corretto-11.0.22\bin\nio.dll
0x00007ffd232f0000 - 0x00007ffd2330a000 	D:\JetBrains\IntelliJ IDEA Community Edition 2023.1.2\bin\breakgen64.dll
0x00007ffd240d0000 - 0x00007ffd240d9000 	C:\Users\84357\.jdks\corretto-11.0.22\bin\management.dll
0x00007ffd23450000 - 0x00007ffd2345b000 	C:\Users\84357\.jdks\corretto-11.0.22\bin\management_ext.dll
0x00007ffd0e4c0000 - 0x00007ffd0e4d7000 	C:\WINDOWS\system32\napinsp.dll
0x00007ffd0cfd0000 - 0x00007ffd0cfeb000 	C:\WINDOWS\system32\pnrpnsp.dll
0x00007ffd29260000 - 0x00007ffd29359000 	C:\WINDOWS\SYSTEM32\DNSAPI.dll
0x00007ffd291f0000 - 0x00007ffd2921d000 	C:\WINDOWS\SYSTEM32\IPHLPAPI.DLL
0x00007ffd2b9e0000 - 0x00007ffd2b9e9000 	C:\WINDOWS\System32\NSI.dll
0x00007ffd0bf70000 - 0x00007ffd0bf81000 	C:\WINDOWS\System32\winrnr.dll
0x00007ffd218e0000 - 0x00007ffd218f5000 	C:\WINDOWS\system32\wshbth.dll
0x00007ffd0bf40000 - 0x00007ffd0bf61000 	C:\WINDOWS\system32\nlansp_c.dll
0x00007ffd23ef0000 - 0x00007ffd23efa000 	C:\Windows\System32\rasadhlp.dll
0x00007ffd20ee0000 - 0x00007ffd20f63000 	C:\WINDOWS\System32\fwpuclnt.dll
0x00007ffd29e40000 - 0x00007ffd29e5b000 	C:\WINDOWS\SYSTEM32\CRYPTSP.dll
0x00007ffd296d0000 - 0x00007ffd29705000 	C:\WINDOWS\system32\rsaenh.dll
0x00007ffd29ce0000 - 0x00007ffd29d0c000 	C:\WINDOWS\SYSTEM32\USERENV.dll
0x00007ffd29e60000 - 0x00007ffd29e6c000 	C:\WINDOWS\SYSTEM32\CRYPTBASE.dll
0x00007ffd23b20000 - 0x00007ffd23b39000 	C:\WINDOWS\SYSTEM32\dhcpcsvc6.DLL
0x00007ffd234c0000 - 0x00007ffd234df000 	C:\WINDOWS\SYSTEM32\dhcpcsvc.DLL
0x00007ffd23350000 - 0x00007ffd2335e000 	C:\Users\84357\.jdks\corretto-11.0.22\bin\sunmscapi.dll
0x00007ffd2aa60000 - 0x00007ffd2abc6000 	C:\WINDOWS\System32\CRYPT32.dll
0x00007ffd29fe0000 - 0x00007ffd2a00e000 	C:\WINDOWS\SYSTEM32\ncrypt.dll
0x00007ffd29fa0000 - 0x00007ffd29fd7000 	C:\WINDOWS\SYSTEM32\NTASN1.dll
0x00007ffd200d0000 - 0x00007ffd200f7000 	C:\Users\84357\.jdks\corretto-11.0.22\bin\sunec.dll

dbghelp: loaded successfully - version: 4.0.5 - missing functions: none
symbol engine: initialized successfully - sym options: 0x614 - pdb path: .;C:\Users\84357\.jdks\corretto-11.0.22\bin;C:\WINDOWS\SYSTEM32;C:\WINDOWS\WinSxS\amd64_microsoft.windows.common-controls_6595b64144ccf1df_6.0.22621.2506_none_270c5ae97388e100;C:\Users\84357\.jdks\corretto-11.0.22\bin\server;D:\JetBrains\IntelliJ IDEA Community Edition 2023.1.2\bin

VM Arguments:
jvm_args: -javaagent:D:\JetBrains\IntelliJ IDEA Community Edition 2023.1.2\lib\idea_rt.jar=57901:D:\JetBrains\IntelliJ IDEA Community Edition 2023.1.2\bin -Dfile.encoding=UTF-8 
java_command: vti.travel.TravelApplication
java_class_path (initial): D:\Download\MockRw59\backend\target\classes;C:\Users\84357\.m2\repository\org\springframework\boot\spring-boot-starter-data-jpa\2.7.7\spring-boot-starter-data-jpa-2.7.7.jar;C:\Users\84357\.m2\repository\org\springframework\boot\spring-boot-starter-aop\2.7.7\spring-boot-starter-aop-2.7.7.jar;C:\Users\84357\.m2\repository\org\aspectj\aspectjweaver\1.9.7\aspectjweaver-1.9.7.jar;C:\Users\84357\.m2\repository\org\springframework\boot\spring-boot-starter-jdbc\2.7.7\spring-boot-starter-jdbc-2.7.7.jar;C:\Users\84357\.m2\repository\com\zaxxer\HikariCP\4.0.3\HikariCP-4.0.3.jar;C:\Users\84357\.m2\repository\org\springframework\spring-jdbc\5.3.24\spring-jdbc-5.3.24.jar;C:\Users\84357\.m2\repository\jakarta\transaction\jakarta.transaction-api\1.3.3\jakarta.transaction-api-1.3.3.jar;C:\Users\84357\.m2\repository\jakarta\persistence\jakarta.persistence-api\2.2.3\jakarta.persistence-api-2.2.3.jar;C:\Users\84357\.m2\repository\org\hibernate\hibernate-core\5.6.14.Final\hibernate-core-5.6.14.Final.jar;C:\Users\84357\.m2\repository\net\bytebuddy\byte-buddy\1.12.20\byte-buddy-1.12.20.jar;C:\Users\84357\.m2\repository\antlr\antlr\2.7.7\antlr-2.7.7.jar;C:\Users\84357\.m2\repository\org\jboss\jandex\2.4.2.Final\jandex-2.4.2.Final.jar;C:\Users\84357\.m2\repository\org\hibernate\common\hibernate-commons-annotations\5.1.2.Final\hibernate-commons-annotations-5.1.2.Final.jar;C:\Users\84357\.m2\repository\org\springframework\data\spring-data-jpa\2.7.6\spring-data-jpa-2.7.6.jar;C:\Users\84357\.m2\repository\org\springframework\data\spring-data-commons\2.7.6\spring-data-commons-2.7.6.jar;C:\Users\84357\.m2\repository\org\springframework\spring-orm\5.3.24\spring-orm-5.3.24.jar;C:\Users\84357\.m2\repository\org\springframework\spring-tx\5.3.24\spring-tx-5.3.24.jar;C:\Users\84357\.m2\repository\org\springframework\spring-aspects\5.3.24\spring-aspects-5.3.24.jar;C:\Users\84357\.m2\repository\org\springframework\boot\spring-boot-starter-web\2.7.7\spring-boot-starter-web-2.7
Launcher Type: SUN_STANDARD

[Global flags]
     intx CICompilerCount                          = 12                                        {product} {ergonomic}
     uint ConcGCThreads                            = 3                                         {product} {ergonomic}
     uint G1ConcRefinementThreads                  = 13                                        {product} {ergonomic}
   size_t G1HeapRegionSize                         = 1048576                                   {product} {ergonomic}
    uintx GCDrainStackTargetSize                   = 64                                        {product} {ergonomic}
   size_t InitialHeapSize                          = 266338304                                 {product} {ergonomic}
   size_t MarkStackSize                            = 4194304                                   {product} {ergonomic}
   size_t MaxHeapSize                              = 4261412864                                {product} {ergonomic}
   size_t MaxNewSize                               = 2556428288                                {product} {ergonomic}
   size_t MinHeapDeltaBytes                        = 1048576                                   {product} {ergonomic}
    uintx NonNMethodCodeHeapSize                   = 7594288                                {pd product} {ergonomic}
    uintx NonProfiledCodeHeapSize                  = 122031976                              {pd product} {ergonomic}
    uintx ProfiledCodeHeapSize                     = 122031976                              {pd product} {ergonomic}
    uintx ReservedCodeCacheSize                    = 251658240                              {pd product} {ergonomic}
     bool SegmentedCodeCache                       = true                                      {product} {ergonomic}
     bool UseCompressedClassPointers               = true                                 {lp64_product} {ergonomic}
     bool UseCompressedOops                        = true                                 {lp64_product} {ergonomic}
     bool UseG1GC                                  = true                                      {product} {ergonomic}
     bool UseLargePagesIndividualAllocation        = false                                  {pd product} {ergonomic}

Logging:
Log output configuration:
 #0: stdout all=warning uptime,level,tags
 #1: stderr all=off uptime,level,tags

Environment Variables:
PATH=C:\Program Files (x86)\VMware\VMware Workstation\bin\;C:\Windows\system32;C:\Windows;C:\Windows\System32\Wbem;C:\Windows\System32\WindowsPowerShell\v1.0\;C:\Windows\System32\OpenSSH\;C:\Program Files (x86)\NVIDIA Corporation\PhysX\Common;C:\Program Files\NVIDIA Corporation\NVIDIA NvDLISR;C:\WINDOWS\system32;C:\WINDOWS;C:\WINDOWS\System32\Wbem;C:\WINDOWS\System32\WindowsPowerShell\v1.0\;C:\WINDOWS\System32\OpenSSH\;C:\Program Files\Azure Data Studio\bin;C:\Program Files\nodejs\;C:\Program Files\Git\cmd;C:\Program Files\MySQL\MySQL Shell 8.0\bin\;C:\Users\84357\AppData\Local\Microsoft\WindowsApps;C:\Users\84357\AppData\Local\Programs\Microsoft VS Code\bin;C:\Users\84357\AppData\Roaming\npm
USERNAME=84357
OS=Windows_NT
PROCESSOR_IDENTIFIER=AMD64 Family 23 Model 96 Stepping 1, AuthenticAMD
TMP=C:\Users\84357\AppData\Local\Temp
TEMP=C:\Users\84357\AppData\Local\Temp



---------------  S Y S T E M  ---------------

OS: Windows 11 , 64 bit Build 22621 (10.0.22621.3085)
OS uptime: 1 days 22:42 hours

CPU:total 16 (initial active 16) (16 cores per cpu, 2 threads per core) family 23 model 96 stepping 1 microcode 0x0, cmov, cx8, fxsr, mmx, sse, sse2, sse3, ssse3, sse4.1, sse4.2, popcnt, avx, avx2, aes, clmul, mmxext, 3dnowpref, lzcnt, sse4a, ht, tsc, tscinvbit, tscinv, bmi1, bmi2, adx, sha, fma

Memory: 4k page, system-wide physical 16253M (456M free)
TotalPageFile size 29053M (AvailPageFile size 24M)
current process WorkingSet (physical memory assigned to process): 421M, peak: 423M
current process commit charge ("private bytes"): 547M, peak: 549M

vm_info: OpenJDK 64-Bit Server VM (11.0.22+7-LTS) for windows-amd64 JRE (11.0.22+7-LTS), built on Jan 10 2024 19:54:00 by "Administrator" with MS VC++ 16.10 / 16.11 (VS2019)

END.
